Starting execution of Operating Systems project

Power plant configuration:
SIM_DURATION:             15
ENERGY_DEMAND:            100
ENERGY_EXPLODE_THRESHOLD: 500000
exit_flag:                0
atomFork:                 0
MIN_N_ATOMICO:            5
N_ATOMI_INIT:             1000
N_ATOM_MAX:               40
N_MSG:                    300
N_NUOVI_ATOMI:          50000
STEP_ALIMENTAZIONE:       900000000
STEP_ATTIVATORE:          900000000
STEP_INHIBITOR:           500000000

inhibitor_setup= false


*********************
*      DAY  1       *
*********************
*
*Number of atoms: 1000
*Number of new atoms: 1000
*Energy produced: 100
*New energy produced: 100
*Number of waste atoms: 0
*Number of new waste atoms: 0
*Number of fissions performed by inhibitor: 0
*INHIBITOR OFF - Energy absorbed by inhibitor so far: 0
*INHIBITOR OFF - Fissions denied by inhibitor so far: 0
*Fetching energy for the power plant


*********************
*      DAY  2       *
*********************
*
*Number of atoms: 101210
*Number of new atoms: 100210
*Energy produced: 37028
*New energy produced: 37028
*Number of waste atoms: 45
*Number of new waste atoms: 45
*Number of fissions performed by inhibitor: 255
*INHIBITOR OFF - Energy absorbed by inhibitor so far: 0
*INHIBITOR OFF - Fissions denied by inhibitor so far: 0
*Fetching energy for the power plant


*********************
*      DAY  3       *
*********************
*
*Number of atoms: 151412
*Number of new atoms: 50202
*Energy produced: 75168
*New energy produced: 38240
*Number of waste atoms: 94
*Number of new waste atoms: 49
*Number of fissions performed by inhibitor: 506
*INHIBITOR OFF - Energy absorbed by inhibitor so far: 0
*INHIBITOR OFF - Fissions denied by inhibitor so far: 0
*Fetching energy for the power plant


*********************
*      DAY  4       *
*********************
*
*Number of atoms: 201472
*Number of new atoms: 50060
*Energy produced: 83970
*New energy produced: 8902
*Number of waste atoms: 99
*Number of new waste atoms: 5
*Number of fissions performed by inhibitor: 573
*Energy absorbed by inhibitor: 17
*New energy absorbed by inhibitor: 17
*Number of fissions denied by inhibitor: 0
*New fissions denied by inhibitor: 0
*Fetching energy for the power plant


*********************
*      DAY  5       *
*********************
*
*Number of atoms: 251589
*Number of new atoms: 50117
*Energy produced: 105954
*New energy produced: 22084
*Number of waste atoms: 193
*Number of new waste atoms: 94
*Number of fissions performed by inhibitor: 784
*Energy absorbed by inhibitor: 3540
*New energy absorbed by inhibitor: 3523
*Number of fissions denied by inhibitor: 62
*New fissions denied by inhibitor: 62
*Fetching energy for the power plant


*********************
*      DAY  6       *
*********************
*
*Number of atoms: 301737
*Number of new atoms: 50148
*Energy produced: 136970
*New energy produced: 31116
*Number of waste atoms: 297
*Number of new waste atoms: 104
*Number of fissions performed by inhibitor: 1036
*Energy absorbed by inhibitor: 8406
*New energy absorbed by inhibitor: 4866
*Number of fissions denied by inhibitor: 131
*New fissions denied by inhibitor: 69
*Fetching energy for the power plant


*********************
*      DAY  7       *
*********************
*
*Number of atoms: 351861
*Number of new atoms: 50124
*Energy produced: 159766
*New energy produced: 22896
*Number of waste atoms: 390
*Number of new waste atoms: 93
*Number of fissions performed by inhibitor: 1253
*Energy absorbed by inhibitor: 12071
*New energy absorbed by inhibitor: 3665
*Number of fissions denied by inhibitor: 192
*New fissions denied by inhibitor: 61
*Fetching energy for the power plant


*********************
*      DAY  8       *
*********************
*
*Number of atoms: 401975
*Number of new atoms: 50114
*Energy produced: 180348
*New energy produced: 20682
*Number of waste atoms: 485
*Number of new waste atoms: 95
*Number of fissions performed by inhibitor: 1462
*Energy absorbed by inhibitor: 15167
*New energy absorbed by inhibitor: 3096
*Number of fissions denied by inhibitor: 246
*New fissions denied by inhibitor: 54
*Fetching energy for the power plant


*********************
*      DAY  9       *
*********************
*
*Number of atoms: 452100
*Number of new atoms: 50125
*Energy produced: 199776
*New energy produced: 19528
*Number of waste atoms: 572
*Number of new waste atoms: 87
*Number of fissions performed by inhibitor: 1674
*Energy absorbed by inhibitor: 18734
*New energy absorbed by inhibitor: 3567
*Number of fissions denied by inhibitor: 305
*New fissions denied by inhibitor: 59
*Fetching energy for the power plant


*********************
*      DAY 10       *
*********************
*
*Number of atoms: 502237
*Number of new atoms: 50137
*Energy produced: 229838
*New energy produced: 30162
*Number of waste atoms: 663
*Number of new waste atoms: 91
*Number of fissions performed by inhibitor: 1902
*Energy absorbed by inhibitor: 23357
*New energy absorbed by inhibitor: 4623
*Number of fissions denied by inhibitor: 358
*New fissions denied by inhibitor: 53
*Fetching energy for the power plant


*********************
*      DAY 11       *
*********************
*
*Number of atoms: 552367
*Number of new atoms: 50130
*Energy produced: 251072
*New energy produced: 21334
*Number of waste atoms: 731
*Number of new waste atoms: 68
*Number of fissions performed by inhibitor: 2100
*Energy absorbed by inhibitor: 27158
*New energy absorbed by inhibitor: 3801
*Number of fissions denied by inhibitor: 401
*New fissions denied by inhibitor: 43
*Fetching energy for the power plant


*********************
*      DAY 12       *
*********************
*
*Number of atoms: 602459
*Number of new atoms: 50092
*Energy produced: 266702
*New energy produced: 15730
*Number of waste atoms: 798
*Number of new waste atoms: 67
*Number of fissions performed by inhibitor: 2259
*Energy absorbed by inhibitor: 29618
*New energy absorbed by inhibitor: 2460
*Number of fissions denied by inhibitor: 445
*New fissions denied by inhibitor: 44
*Fetching energy for the power plant


*********************
*      DAY 13       *
*********************
*
*Number of atoms: 652519
*Number of new atoms: 50060
*Energy produced: 285604
*New energy produced: 19002
*Number of waste atoms: 852
*Number of new waste atoms: 54
*Number of fissions performed by inhibitor: 2373
*Energy absorbed by inhibitor: 32661
*New energy absorbed by inhibitor: 3043
*Number of fissions denied by inhibitor: 481
*New fissions denied by inhibitor: 36
*Fetching energy for the power plant


*********************
*      DAY 14       *
*********************
*
*Number of atoms: 752575
*Number of new atoms: 100056
*Energy produced: 296050
*New energy produced: 10546
*Number of waste atoms: 892
*Number of new waste atoms: 40
*Number of fissions performed by inhibitor: 2469
*Energy absorbed by inhibitor: 34405
*New energy absorbed by inhibitor: 1744
*Number of fissions denied by inhibitor: 512
*New fissions denied by inhibitor: 31
*Fetching energy for the power plant


*********************
*      DAY 15       *
*********************
*
*Number of atoms: 802646
*Number of new atoms: 50071
*Energy produced: 308010
*New energy produced: 12060
*Number of waste atoms: 935
*Number of new waste atoms: 43
*Number of fissions performed by inhibitor: 2583
*Energy absorbed by inhibitor: 36383
*New energy absorbed by inhibitor: 1978
*Number of fissions denied by inhibitor: 540
*New fissions denied by inhibitor: 28
*Fetching energy for the power plant

exit_flag:1, Stop Simulation.
Made by: Grillo Giovanni, Olivero Alessandro, Corrao Mario